[22:54:45] [Client thread/INFO]: Setting user: Coliwack
[22:54:51] [Client thread/WARN]: Skipping bad option: lastServer:
[22:54:51] [Client thread/INFO]: LWJGL Version: 2.9.4
[22:54:57] [Client thread/INFO]: Reloading ResourceManager: Default, FMLFileResourcePack:Forge Mod Loader, FMLFileResourcePack:Minecraft Forge, FMLFileResourcePack:minecraftcircuits
[22:55:01] [Sound Library Loader/INFO]: Starting up SoundSystem...
[22:55:01] [Thread-8/INFO]: Initializing LWJGL OpenAL
[22:55:01] [Thread-8/INFO]: (The LWJGL binding of OpenAL.  For more information, see http://www.lwjgl.org)
[22:55:01] [Thread-8/INFO]: OpenAL initialized.
[22:55:01] [Sound Library Loader/INFO]: Sound engine started
[22:55:06] [Client thread/INFO]: Created: 16x16 textures-atlas
[22:55:09] [Client thread/INFO]: Reloading ResourceManager: Default, FMLFileResourcePack:Forge Mod Loader, FMLFileResourcePack:Minecraft Forge, FMLFileResourcePack:minecraftcircuits
[22:55:14] [Client thread/INFO]: SoundSystem shutting down...
[22:55:14] [Client thread/WARN]: Author: Paul Lamb, www.paulscode.com
[22:55:14] [Sound Library Loader/INFO]: Starting up SoundSystem...
[22:55:14] [Thread-10/INFO]: Initializing LWJGL OpenAL
[22:55:14] [Thread-10/INFO]: (The LWJGL binding of OpenAL.  For more information, see http://www.lwjgl.org)
[22:55:14] [Thread-10/INFO]: OpenAL initialized.
[22:55:15] [Sound Library Loader/INFO]: Sound engine started
[22:55:19] [Client thread/INFO]: Created: 1024x512 textures-atlas
[22:55:20] [Client thread/WARN]: Skipping bad option: lastServer:
[22:55:22] [Realms Notification Availability checker #1/INFO]: Could not authorize you against Realms server: Invalid session id
[22:56:09] [Client thread/INFO]: Deleting level New World
[22:56:09] [Client thread/INFO]: Attempt 1...
[22:56:13] [Server thread/INFO]: Starting integrated minecraft server version 1.10.2
[22:56:13] [Server thread/INFO]: Generating keypair
[22:56:15] [Server thread/INFO]: Preparing start region for level 0
[22:56:16] [Server thread/INFO]: Preparing spawn area: 6%
[22:56:17] [Server thread/INFO]: Preparing spawn area: 13%
[22:56:18] [Server thread/INFO]: Preparing spawn area: 22%
[22:56:19] [Server thread/INFO]: Preparing spawn area: 31%
[22:56:20] [Server thread/INFO]: Preparing spawn area: 41%
[22:56:21] [Server thread/INFO]: Preparing spawn area: 51%
[22:56:22] [Server thread/INFO]: Preparing spawn area: 57%
[22:56:23] [Server thread/INFO]: Preparing spawn area: 66%
[22:56:24] [Server thread/INFO]: Preparing spawn area: 79%
[22:56:25] [Server thread/INFO]: Preparing spawn area: 94%
[22:56:25] [Server thread/INFO]: Changing view distance to 12, from 10
[22:56:27] [Server thread/INFO]: Coliwack[local:E:04c72dbf] logged in with entity id 674 at (-24.5, 67.0, 131.5)
[22:56:27] [Server thread/INFO]: Coliwack joined the game
[22:56:28] [Server thread/INFO]: Saving and pausing game...
[22:56:28] [Server thread/INFO]: Saving chunks for level 'New World'/Overworld
[22:56:28] [pool-2-thread-1/WARN]: Couldn't look up profile properties for com.mojang.authlib.GameProfile@43259ba6[id=2d61e40e-c1d8-3cdb-ae35-6290eac6d3f2,name=Coliwack,properties={},legacy=false]
com.mojang.authlib.exceptions.AuthenticationException: The client has sent too many requests within a certain amount of time
	at com.mojang.authlib.yggdrasil.YggdrasilAuthenticationService.makeRequest(YggdrasilAuthenticationService.java:65) ~[YggdrasilAuthenticationService.class:?]
	at com.mojang.authlib.yggdrasil.YggdrasilMinecraftSessionService.fillGameProfile(YggdrasilMinecraftSessionService.java:175) [YggdrasilMinecraftSessionService.class:?]
	at com.mojang.authlib.yggdrasil.YggdrasilMinecraftSessionService$1.load(YggdrasilMinecraftSessionService.java:59) [YggdrasilMinecraftSessionService$1.class:?]
	at com.mojang.authlib.yggdrasil.YggdrasilMinecraftSessionService$1.load(YggdrasilMinecraftSessionService.java:56) [YggdrasilMinecraftSessionService$1.class:?]
	at com.google.common.cache.LocalCache$LoadingValueReference.loadFuture(LocalCache.java:3524) [guava-17.0.jar:?]
	at com.google.common.cache.LocalCache$Segment.loadSync(LocalCache.java:2317) [guava-17.0.jar:?]
	at com.google.common.cache.LocalCache$Segment.lockedGetOrLoad(LocalCache.java:2280) [guava-17.0.jar:?]
	at com.google.common.cache.LocalCache$Segment.get(LocalCache.java:2195) [guava-17.0.jar:?]
	at com.google.common.cache.LocalCache.get(LocalCache.java:3934) [guava-17.0.jar:?]
	at com.google.common.cache.LocalCache.getOrLoad(LocalCache.java:3938) [guava-17.0.jar:?]
	at com.google.common.cache.LocalCache$LocalLoadingCache.get(LocalCache.java:4821) [guava-17.0.jar:?]
	at com.google.common.cache.LocalCache$LocalLoadingCache.getUnchecked(LocalCache.java:4827) [guava-17.0.jar:?]
	at com.mojang.authlib.yggdrasil.YggdrasilMinecraftSessionService.fillProfileProperties(YggdrasilMinecraftSessionService.java:165) [YggdrasilMinecraftSessionService.class:?]
	at net.minecraft.client.Minecraft.getProfileProperties(Minecraft.java:3060) [Minecraft.class:?]
	at net.minecraft.client.resources.SkinManager$3.run(SkinManager.java:131) [SkinManager$3.class:?]
	at java.util.concurrent.Executors$RunnableAdapter.call(Unknown Source) [?:1.8.0_101]
	at java.util.concurrent.FutureTask.run(Unknown Source) [?:1.8.0_101]
	at java.util.concurrent.ThreadPoolExecutor.runWorker(Unknown Source) [?:1.8.0_101]
	at java.util.concurrent.ThreadPoolExecutor$Worker.run(Unknown Source) [?:1.8.0_101]
	at java.lang.Thread.run(Unknown Source) [?:1.8.0_101]
[22:56:29] [Server thread/INFO]: Saving chunks for level 'New World'/Nether
[22:56:29] [Server thread/INFO]: Saving chunks for level 'New World'/The End
[22:56:31] [Server thread/WARN]: Can't keep up! Did the system time change, or is the server overloaded? Running 4259ms behind, skipping 85 tick(s)
[22:56:32] [Server thread/INFO]: Coliwack has just earned the achievement [Taking Inventory]
[22:56:32] [Client thread/INFO]: [CHAT] Coliwack has just earned the achievement [Taking Inventory]
[22:56:42] [Server thread/INFO]: Saving and pausing game...
[22:56:42] [Server thread/INFO]: Saving chunks for level 'New World'/Overworld
[22:56:42] [Server thread/INFO]: Saving chunks for level 'New World'/Nether
[22:56:42] [Server thread/INFO]: Saving chunks for level 'New World'/The End
[22:56:43] [Client thread/INFO]: Stopping!
[22:56:43] [Client thread/INFO]: SoundSystem shutting down...
[22:56:43] [Server thread/INFO]: Stopping server
[22:56:43] [Server thread/INFO]: Saving players
[22:56:43] [Server thread/INFO]: Saving worlds
[22:56:43] [Server thread/INFO]: Saving chunks for level 'New World'/Overworld
[22:56:43] [Server thread/INFO]: Saving chunks for level 'New World'/Nether
[22:56:43] [Server thread/INFO]: Saving chunks for level 'New World'/The End
[22:56:43] [Client thread/WARN]: Author: Paul Lamb, www.paulscode.com
[22:56:44] [Client Shutdown Thread/INFO]: Stopping server
[22:56:44] [Client Shutdown Thread/INFO]: Saving players
[22:56:44] [Client Shutdown Thread/INFO]: Saving worlds
[22:56:44] [Client Shutdown Thread/INFO]: Saving chunks for level 'New World'/Overworld
