Symbol range map extraction starting
Processing 126 files
startProcessing "minecraftbyexample\ClientOnlyProxy.java" md5: d8e8d162e4e8f11407dfb5608df94a4b
endProcessing "minecraftbyexample\ClientOnlyProxy.java"

startProcessing "minecraftbyexample\CommonProxy.java" md5: 023a482d81cc96eb1a3564a9376c9652
endProcessing "minecraftbyexample\CommonProxy.java"

startProcessing "minecraftbyexample\DedicatedServerProxy.java" md5: 89ed28a78fe189b69b46d855bf3274da
endProcessing "minecraftbyexample\DedicatedServerProxy.java"

startProcessing "minecraftbyexample\GuiHandlerRegistry.java" md5: 9a2b5c5e35230623f8e04ba833b94236
endProcessing "minecraftbyexample\GuiHandlerRegistry.java"

startProcessing "minecraftbyexample\MinecraftByExample.java" md5: c42cbd4a561e9cab9e958b6f89260085
endProcessing "minecraftbyexample\MinecraftByExample.java"

startProcessing "minecraftbyexample\mbe01_block_simple\BlockSimple.java" md5: 6d22bcda6f8605764e0bedd266bcff47
endProcessing "minecraftbyexample\mbe01_block_simple\BlockSimple.java"

startProcessing "minecraftbyexample\mbe01_block_simple\StartupClientOnly.java" md5: c7e19461936b6d7314fd7db10bd55acd
endProcessing "minecraftbyexample\mbe01_block_simple\StartupClientOnly.java"

startProcessing "minecraftbyexample\mbe01_block_simple\StartupCommon.java" md5: 3a99ce422758644a3297f836b6ceeb5c
endProcessing "minecraftbyexample\mbe01_block_simple\StartupCommon.java"

startProcessing "minecraftbyexample\mbe02_block_partial\BlockPartial.java" md5: 509b14259c7716ffcb6499c43c8b0c77
endProcessing "minecraftbyexample\mbe02_block_partial\BlockPartial.java"

startProcessing "minecraftbyexample\mbe02_block_partial\StartupClientOnly.java" md5: 17aac4d37bcb600c468eecbe8bc2388b
endProcessing "minecraftbyexample\mbe02_block_partial\StartupClientOnly.java"

startProcessing "minecraftbyexample\mbe02_block_partial\StartupCommon.java" md5: 22fbb53bcfae6207801763f7e8331218
endProcessing "minecraftbyexample\mbe02_block_partial\StartupCommon.java"

startProcessing "minecraftbyexample\mbe03_block_variants\BlockVariants.java" md5: 8900ceb4230323488aebb45c99e136d4
endProcessing "minecraftbyexample\mbe03_block_variants\BlockVariants.java"

startProcessing "minecraftbyexample\mbe03_block_variants\ItemBlockVariants.java" md5: 43451f7540db70da82caf98b12fc6c08
endProcessing "minecraftbyexample\mbe03_block_variants\ItemBlockVariants.java"

startProcessing "minecraftbyexample\mbe03_block_variants\StartupClientOnly.java" md5: f61d4efd3dcc0e81181a59832e5817b6
endProcessing "minecraftbyexample\mbe03_block_variants\StartupClientOnly.java"

startProcessing "minecraftbyexample\mbe03_block_variants\StartupCommon.java" md5: 31303c639bf73b33ace0c36247d1b605
endProcessing "minecraftbyexample\mbe03_block_variants\StartupCommon.java"

startProcessing "minecraftbyexample\mbe04_block_smartblockmodel1\BlockCamouflage.java" md5: 052a62fac52f0fc05aa6ee7a61a95dfc
endProcessing "minecraftbyexample\mbe04_block_smartblockmodel1\BlockCamouflage.java"

startProcessing "minecraftbyexample\mbe04_block_smartblockmodel1\CamouflageISmartBlockModelFactory.java" md5: 6f1ede2cc87225f5269d4c7814c5d30b
endProcessing "minecraftbyexample\mbe04_block_smartblockmodel1\CamouflageISmartBlockModelFactory.java"

startProcessing "minecraftbyexample\mbe04_block_smartblockmodel1\ModelBakeEventHandler.java" md5: c52dd3365988a779407d08ce96b4a3b7
endProcessing "minecraftbyexample\mbe04_block_smartblockmodel1\ModelBakeEventHandler.java"

startProcessing "minecraftbyexample\mbe04_block_smartblockmodel1\StartupClientOnly.java" md5: d53f94d44904f05397eb026e9c3caac2
endProcessing "minecraftbyexample\mbe04_block_smartblockmodel1\StartupClientOnly.java"

startProcessing "minecraftbyexample\mbe04_block_smartblockmodel1\StartupCommon.java" md5: 12000346ccee9f53c01028fbe851c3b7
endProcessing "minecraftbyexample\mbe04_block_smartblockmodel1\StartupCommon.java"

startProcessing "minecraftbyexample\mbe04_block_smartblockmodel1\UnlistedPropertyCopiedBlock.java" md5: 990492936883346a9a85cfe085b99864
endProcessing "minecraftbyexample\mbe04_block_smartblockmodel1\UnlistedPropertyCopiedBlock.java"

startProcessing "minecraftbyexample\mbe05_block_smartblockmodel2\Block3DWeb.java" md5: e59b3a58189008bb816468668610c0f2
endProcessing "minecraftbyexample\mbe05_block_smartblockmodel2\Block3DWeb.java"

startProcessing "minecraftbyexample\mbe05_block_smartblockmodel2\CompositeModel.java" md5: dfc5a291fd131566aa0872e690cf5385
endProcessing "minecraftbyexample\mbe05_block_smartblockmodel2\CompositeModel.java"

startProcessing "minecraftbyexample\mbe05_block_smartblockmodel2\ModelLoader3DWeb.java" md5: 72ec39181cd53e86987412d6d3d03ee5
endProcessing "minecraftbyexample\mbe05_block_smartblockmodel2\ModelLoader3DWeb.java"

startProcessing "minecraftbyexample\mbe05_block_smartblockmodel2\StartupClientOnly.java" md5: b003e0155a6d42324ba7c47500a7b1c7
endProcessing "minecraftbyexample\mbe05_block_smartblockmodel2\StartupClientOnly.java"

startProcessing "minecraftbyexample\mbe05_block_smartblockmodel2\StartupCommon.java" md5: a774f04ef0e25cc024542e99e00e486b
endProcessing "minecraftbyexample\mbe05_block_smartblockmodel2\StartupCommon.java"

startProcessing "minecraftbyexample\mbe05_block_smartblockmodel2\WebModel.java" md5: 905a7c70dbeec34a603f1e1391a2af1d
endProcessing "minecraftbyexample\mbe05_block_smartblockmodel2\WebModel.java"

startProcessing "minecraftbyexample\mbe06_redstone\StartupClientOnly.java" md5: cc6b076e12c85664055bd78a6a79e4de
endProcessing "minecraftbyexample\mbe06_redstone\StartupClientOnly.java"

startProcessing "minecraftbyexample\mbe06_redstone\StartupCommon.java" md5: de9b5d3553a6aa3792b2b7f25e5057f2
endProcessing "minecraftbyexample\mbe06_redstone\StartupCommon.java"

startProcessing "minecraftbyexample\mbe06_redstone\input\BlockRedstoneColouredLamp.java" md5: d5c36b5266ce43ed3600ba453a3dd94c
endProcessing "minecraftbyexample\mbe06_redstone\input\BlockRedstoneColouredLamp.java"

startProcessing "minecraftbyexample\mbe06_redstone\input\LampColour.java" md5: a1ad597e83c6869f92662e147deb3ead
endProcessing "minecraftbyexample\mbe06_redstone\input\LampColour.java"

startProcessing "minecraftbyexample\mbe06_redstone\input\TileEntityRedstoneColouredLamp.java" md5: d76cfc288490df8ab88a5072f8e242c8
endProcessing "minecraftbyexample\mbe06_redstone\input\TileEntityRedstoneColouredLamp.java"

startProcessing "minecraftbyexample\mbe06_redstone\input_and_output\BlockRedstoneMeter.java" md5: cdaa50ed6c101b75b3897348440166dd
endProcessing "minecraftbyexample\mbe06_redstone\input_and_output\BlockRedstoneMeter.java"

startProcessing "minecraftbyexample\mbe06_redstone\input_and_output\ScheduledTogglingOutput.java" md5: 7aab6ef6f01d58e487172e6d9d7b7959
endProcessing "minecraftbyexample\mbe06_redstone\input_and_output\ScheduledTogglingOutput.java"

startProcessing "minecraftbyexample\mbe06_redstone\input_and_output\SmoothNeedleMovement.java" md5: 5f6d21d9f2db795ebad05254c3ab5c4f
endProcessing "minecraftbyexample\mbe06_redstone\input_and_output\SmoothNeedleMovement.java"

startProcessing "minecraftbyexample\mbe06_redstone\input_and_output\TileEntityRedstoneMeter.java" md5: d286525da7f76b90e61252af57e1dc29
endProcessing "minecraftbyexample\mbe06_redstone\input_and_output\TileEntityRedstoneMeter.java"

startProcessing "minecraftbyexample\mbe06_redstone\input_and_output\TileEntitySpecialRendererRedstoneMeter.java" md5: 0cf5455a3aa84670be673a0b1a6b728a
endProcessing "minecraftbyexample\mbe06_redstone\input_and_output\TileEntitySpecialRendererRedstoneMeter.java"

startProcessing "minecraftbyexample\mbe06_redstone\output_only\BlockRedstoneTarget.java" md5: 2d1517219d37b00589ea6ce9f8ec8db0
endProcessing "minecraftbyexample\mbe06_redstone\output_only\BlockRedstoneTarget.java"

startProcessing "minecraftbyexample\mbe06_redstone\output_only\BlockRedstoneVariableSource.java" md5: ca8b08cf08930a3d38bb9cad2de3aa27
endProcessing "minecraftbyexample\mbe06_redstone\output_only\BlockRedstoneVariableSource.java"

startProcessing "minecraftbyexample\mbe08_creative_tab\AllMbeItemsTab.java" md5: 20d12a142537d48c246704c8da3bff1d
endProcessing "minecraftbyexample\mbe08_creative_tab\AllMbeItemsTab.java"

startProcessing "minecraftbyexample\mbe08_creative_tab\StartupClientOnly.java" md5: 125869041c4ec26ad5878610bf9b01bf
endProcessing "minecraftbyexample\mbe08_creative_tab\StartupClientOnly.java"

startProcessing "minecraftbyexample\mbe08_creative_tab\StartupCommon.java" md5: 99a0da751c71a87916d1385f3d6b88cc
endProcessing "minecraftbyexample\mbe08_creative_tab\StartupCommon.java"

startProcessing "minecraftbyexample\mbe10_item_simple\ItemSimple.java" md5: dcebffb2b4fea176062d5b324e5ca38a
endProcessing "minecraftbyexample\mbe10_item_simple\ItemSimple.java"

startProcessing "minecraftbyexample\mbe10_item_simple\StartupClientOnly.java" md5: 3fe59aa6715c32032c848352b27b1fe3
endProcessing "minecraftbyexample\mbe10_item_simple\StartupClientOnly.java"

startProcessing "minecraftbyexample\mbe10_item_simple\StartupCommon.java" md5: 327b8ce7990a4ca4e6914030121dd451
endProcessing "minecraftbyexample\mbe10_item_simple\StartupCommon.java"

startProcessing "minecraftbyexample\mbe11_item_variants\ItemVariants.java" md5: 2163c42131f0a4fbe19a3e1b5be92a4b
endProcessing "minecraftbyexample\mbe11_item_variants\ItemVariants.java"

startProcessing "minecraftbyexample\mbe11_item_variants\LiquidColour.java" md5: e2688121c27ff4bc448ad55292fd5fea
endProcessing "minecraftbyexample\mbe11_item_variants\LiquidColour.java"

startProcessing "minecraftbyexample\mbe11_item_variants\StartupClientOnly.java" md5: 86b9161bdd0207a9b6cf5c46d0a42a4f
endProcessing "minecraftbyexample\mbe11_item_variants\StartupClientOnly.java"

startProcessing "minecraftbyexample\mbe11_item_variants\StartupCommon.java" md5: dfae31c269f6a5f0f7c90e7b17a73ad8
endProcessing "minecraftbyexample\mbe11_item_variants\StartupCommon.java"

startProcessing "minecraftbyexample\mbe12_item_nbt_animate\ItemNBTAnimate.java" md5: baacbe0038274e670b1052e3ac7c9a7e
endProcessing "minecraftbyexample\mbe12_item_nbt_animate\ItemNBTAnimate.java"

startProcessing "minecraftbyexample\mbe12_item_nbt_animate\ItemNBTanimationTimer.java" md5: c2e68dcef51954511ea179c407feb028
endProcessing "minecraftbyexample\mbe12_item_nbt_animate\ItemNBTanimationTimer.java"

startProcessing "minecraftbyexample\mbe12_item_nbt_animate\StartupClientOnly.java" md5: 2f0c77c6140774a5811bfd19c3ebce89
endProcessing "minecraftbyexample\mbe12_item_nbt_animate\StartupClientOnly.java"

startProcessing "minecraftbyexample\mbe12_item_nbt_animate\StartupCommon.java" md5: 9e6e8bd9d733973a915113b7174c43fb
endProcessing "minecraftbyexample\mbe12_item_nbt_animate\StartupCommon.java"

startProcessing "minecraftbyexample\mbe13_item_tools\BlockToolTest.java" md5: 9474c52ce889c8202220a31192d764a3
endProcessing "minecraftbyexample\mbe13_item_tools\BlockToolTest.java"

startProcessing "minecraftbyexample\mbe13_item_tools\ForgeToolEventsTest.java" md5: 70ff68cdeb9fdf8ff939dd1543b6c1e2
endProcessing "minecraftbyexample\mbe13_item_tools\ForgeToolEventsTest.java"

startProcessing "minecraftbyexample\mbe13_item_tools\ItemToolsTest.java" md5: 73c0a33f1b5f8a1bfd9adb3f8a9feb13
endProcessing "minecraftbyexample\mbe13_item_tools\ItemToolsTest.java"

startProcessing "minecraftbyexample\mbe13_item_tools\StartupClientOnly.java" md5: 398f4438396beee2014c3c4702bd7d71
endProcessing "minecraftbyexample\mbe13_item_tools\StartupClientOnly.java"

startProcessing "minecraftbyexample\mbe13_item_tools\StartupCommon.java" md5: c1956a18f2e678c9acc7784edbed821f
endProcessing "minecraftbyexample\mbe13_item_tools\StartupCommon.java"

startProcessing "minecraftbyexample\mbe15_item_smartitemmodel\ChessboardSmartItemModel.java" md5: 2191f6e1adb2d88cf7cd212822231379
endProcessing "minecraftbyexample\mbe15_item_smartitemmodel\ChessboardSmartItemModel.java"

startProcessing "minecraftbyexample\mbe15_item_smartitemmodel\ItemChessBoard.java" md5: 62c5e5da7321e5b450de2d78820a1cbb
endProcessing "minecraftbyexample\mbe15_item_smartitemmodel\ItemChessBoard.java"

startProcessing "minecraftbyexample\mbe15_item_smartitemmodel\ModelBakeEventHandlerMBE15.java" md5: 92fa3f07bf4c3d765203510515ce8a13
endProcessing "minecraftbyexample\mbe15_item_smartitemmodel\ModelBakeEventHandlerMBE15.java"

startProcessing "minecraftbyexample\mbe15_item_smartitemmodel\StartupClientOnly.java" md5: fbce7521676915b7e196da89025eb930
endProcessing "minecraftbyexample\mbe15_item_smartitemmodel\StartupClientOnly.java"

startProcessing "minecraftbyexample\mbe15_item_smartitemmodel\StartupCommon.java" md5: bb7409301e05b6146db75cd7e5d9c09e
endProcessing "minecraftbyexample\mbe15_item_smartitemmodel\StartupCommon.java"

startProcessing "minecraftbyexample\mbe20_tileentity_data\BlockTileEntityData.java" md5: f417789af449c82859dcdc8eae941d06
endProcessing "minecraftbyexample\mbe20_tileentity_data\BlockTileEntityData.java"

startProcessing "minecraftbyexample\mbe20_tileentity_data\StartupClientOnly.java" md5: 09e91cfb4bd068bdb6c9f570f75150e2
endProcessing "minecraftbyexample\mbe20_tileentity_data\StartupClientOnly.java"

startProcessing "minecraftbyexample\mbe20_tileentity_data\StartupCommon.java" md5: 1ae0a3d5073b13524e49e22a9cd26f50
endProcessing "minecraftbyexample\mbe20_tileentity_data\StartupCommon.java"

startProcessing "minecraftbyexample\mbe20_tileentity_data\TileEntityData.java" md5: eb42dfee224e4baab4dcb8bbc6534eb0
endProcessing "minecraftbyexample\mbe20_tileentity_data\TileEntityData.java"

startProcessing "minecraftbyexample\mbe21_tileentityspecialrenderer\BlockMBE21.java" md5: f389d592291afde8222e340c5547572b
endProcessing "minecraftbyexample\mbe21_tileentityspecialrenderer\BlockMBE21.java"

startProcessing "minecraftbyexample\mbe21_tileentityspecialrenderer\StartupClientOnly.java" md5: b0edf546f339c5bef0c3c8cf00dc35dd
endProcessing "minecraftbyexample\mbe21_tileentityspecialrenderer\StartupClientOnly.java"

startProcessing "minecraftbyexample\mbe21_tileentityspecialrenderer\StartupCommon.java" md5: bf7427062488e1101f731792ccc6cc65
endProcessing "minecraftbyexample\mbe21_tileentityspecialrenderer\StartupCommon.java"

startProcessing "minecraftbyexample\mbe21_tileentityspecialrenderer\TileEntityMBE21.java" md5: 814cffe3cd9072904292493d630ad04a
endProcessing "minecraftbyexample\mbe21_tileentityspecialrenderer\TileEntityMBE21.java"

startProcessing "minecraftbyexample\mbe21_tileentityspecialrenderer\TileEntitySpecialRendererMBE21.java" md5: e6aba8ddcf6f68fe46120e01da34811c
endProcessing "minecraftbyexample\mbe21_tileentityspecialrenderer\TileEntitySpecialRendererMBE21.java"

startProcessing "minecraftbyexample\mbe30_inventory_basic\BlockInventoryBasic.java" md5: 0ed5883d7787adeea7f4f0f0db07fa1f
endProcessing "minecraftbyexample\mbe30_inventory_basic\BlockInventoryBasic.java"

startProcessing "minecraftbyexample\mbe30_inventory_basic\ContainerBasic.java" md5: e54b7b32aaa756491759de4a253fca8c
endProcessing "minecraftbyexample\mbe30_inventory_basic\ContainerBasic.java"

startProcessing "minecraftbyexample\mbe30_inventory_basic\GuiHandlerMBE30.java" md5: b328441d49dd4788754feec24ecaa610
endProcessing "minecraftbyexample\mbe30_inventory_basic\GuiHandlerMBE30.java"

startProcessing "minecraftbyexample\mbe30_inventory_basic\GuiInventoryBasic.java" md5: 0b744609e0033c18f29b4bff68181207
endProcessing "minecraftbyexample\mbe30_inventory_basic\GuiInventoryBasic.java"

startProcessing "minecraftbyexample\mbe30_inventory_basic\StartupClientOnly.java" md5: 52af5a794d2c3b1b96ee2869c0352ac2
endProcessing "minecraftbyexample\mbe30_inventory_basic\StartupClientOnly.java"

startProcessing "minecraftbyexample\mbe30_inventory_basic\StartupCommon.java" md5: a0d0d3f3dcdafb4af955a1fb7c87d565
endProcessing "minecraftbyexample\mbe30_inventory_basic\StartupCommon.java"

startProcessing "minecraftbyexample\mbe30_inventory_basic\TileEntityInventoryBasic.java" md5: 3aeca80e5d25102307fe8384b7ba2f18
endProcessing "minecraftbyexample\mbe30_inventory_basic\TileEntityInventoryBasic.java"

startProcessing "minecraftbyexample\mbe31_inventory_furnace\BlockInventoryFurnace.java" md5: c0121ebeedd8327eb0339b28ea03dd0c
endProcessing "minecraftbyexample\mbe31_inventory_furnace\BlockInventoryFurnace.java"

startProcessing "minecraftbyexample\mbe31_inventory_furnace\ContainerInventoryFurnace.java" md5: e09515254e2fe105cac58d37b22378a6
endProcessing "minecraftbyexample\mbe31_inventory_furnace\ContainerInventoryFurnace.java"

startProcessing "minecraftbyexample\mbe31_inventory_furnace\GuiHandlerMBE31.java" md5: 090f2f2e4999c783ea472f1a7fe582f4
endProcessing "minecraftbyexample\mbe31_inventory_furnace\GuiHandlerMBE31.java"

startProcessing "minecraftbyexample\mbe31_inventory_furnace\GuiInventoryFurnace.java" md5: 6bd0e387d7699a87ae09dd7df1ddd66e
endProcessing "minecraftbyexample\mbe31_inventory_furnace\GuiInventoryFurnace.java"

startProcessing "minecraftbyexample\mbe31_inventory_furnace\StartupClientOnly.java" md5: 49ef249e62b54fcffa40b0b2a5aa78cf
endProcessing "minecraftbyexample\mbe31_inventory_furnace\StartupClientOnly.java"

startProcessing "minecraftbyexample\mbe31_inventory_furnace\StartupCommon.java" md5: a38c6dd24cb177775a2c067f37505202
endProcessing "minecraftbyexample\mbe31_inventory_furnace\StartupCommon.java"

startProcessing "minecraftbyexample\mbe31_inventory_furnace\TileInventoryFurnace.java" md5: a3216f5b74cfe1cebbd096ef073e3cc8
endProcessing "minecraftbyexample\mbe31_inventory_furnace\TileInventoryFurnace.java"

startProcessing "minecraftbyexample\mbe35_recipes\StartupClientOnly.java" md5: 8a5460a73cdef9248c477ae69bc22f51
endProcessing "minecraftbyexample\mbe35_recipes\StartupClientOnly.java"

startProcessing "minecraftbyexample\mbe35_recipes\StartupCommon.java" md5: d007b9c0683426015e635716fb13cdd3
endProcessing "minecraftbyexample\mbe35_recipes\StartupCommon.java"

startProcessing "minecraftbyexample\mbe40_hud_overlay\EventHandlerOverlay.java" md5: 8ccaa1a1f5b3e477f3b5802ba3d2608b
endProcessing "minecraftbyexample\mbe40_hud_overlay\EventHandlerOverlay.java"

startProcessing "minecraftbyexample\mbe40_hud_overlay\ItemHUDactivator.java" md5: 5105c1353205e8b5600e09eec9f56710
endProcessing "minecraftbyexample\mbe40_hud_overlay\ItemHUDactivator.java"

startProcessing "minecraftbyexample\mbe40_hud_overlay\StartupClientOnly.java" md5: be8b224f479a4f6c20fa3eb3f8b2dfea
endProcessing "minecraftbyexample\mbe40_hud_overlay\StartupClientOnly.java"

startProcessing "minecraftbyexample\mbe40_hud_overlay\StartupCommon.java" md5: a6c518a32968f41ce326da60520c93df
endProcessing "minecraftbyexample\mbe40_hud_overlay\StartupCommon.java"

startProcessing "minecraftbyexample\mbe40_hud_overlay\StatusBarRenderer.java" md5: 7449207e9fb0a3dce273f75b5402626b
endProcessing "minecraftbyexample\mbe40_hud_overlay\StatusBarRenderer.java"

startProcessing "minecraftbyexample\mbe50_particle\BlockFlameEmitter.java" md5: ef4778fb5c86c2081b3bb65699ac3dda
endProcessing "minecraftbyexample\mbe50_particle\BlockFlameEmitter.java"

startProcessing "minecraftbyexample\mbe50_particle\FlameParticle.java" md5: f124dc28a0ae912dbf517584ebc6c836
endProcessing "minecraftbyexample\mbe50_particle\FlameParticle.java"

startProcessing "minecraftbyexample\mbe50_particle\StartupClientOnly.java" md5: fe7be6110eb7ad54f25f73fbde646ecf
endProcessing "minecraftbyexample\mbe50_particle\StartupClientOnly.java"

startProcessing "minecraftbyexample\mbe50_particle\StartupCommon.java" md5: 412e90408092ead9341d0590c02ca19f
endProcessing "minecraftbyexample\mbe50_particle\StartupCommon.java"

startProcessing "minecraftbyexample\mbe50_particle\TextureStitcherBreathFX.java" md5: 1b92bb8da9875332359da00417a10804
endProcessing "minecraftbyexample\mbe50_particle\TextureStitcherBreathFX.java"

startProcessing "minecraftbyexample\mbe60_network_messages\AirstrikeMessageToServer.java" md5: ea243321e94634b7ed077266d160e083
endProcessing "minecraftbyexample\mbe60_network_messages\AirstrikeMessageToServer.java"

startProcessing "minecraftbyexample\mbe60_network_messages\ItemAirStrike.java" md5: f1274abf7b588d924cc4027c5ec21ef4
endProcessing "minecraftbyexample\mbe60_network_messages\ItemAirStrike.java"

startProcessing "minecraftbyexample\mbe60_network_messages\MessageHandlerOnClient.java" md5: a24970de709c2c7a0fab7bb503a1497d
endProcessing "minecraftbyexample\mbe60_network_messages\MessageHandlerOnClient.java"

startProcessing "minecraftbyexample\mbe60_network_messages\MessageHandlerOnServer.java" md5: cc415d88309bc6035ebe869d3648690a
endProcessing "minecraftbyexample\mbe60_network_messages\MessageHandlerOnServer.java"

startProcessing "minecraftbyexample\mbe60_network_messages\MessageHandlerOnServerDummy.java" md5: 23300558f10fcf2867f50652a3b45fde
endProcessing "minecraftbyexample\mbe60_network_messages\MessageHandlerOnServerDummy.java"

startProcessing "minecraftbyexample\mbe60_network_messages\StartupClientOnly.java" md5: f88684bb7c1165b5c85af02248624152
endProcessing "minecraftbyexample\mbe60_network_messages\StartupClientOnly.java"

startProcessing "minecraftbyexample\mbe60_network_messages\StartupCommon.java" md5: eaf0af91b490e0daed258f68b0aa1a19
endProcessing "minecraftbyexample\mbe60_network_messages\StartupCommon.java"

startProcessing "minecraftbyexample\mbe60_network_messages\TargetEffectMessageToClient.java" md5: 14063147dc8ddac93d4f98a64a79bf5a
endProcessing "minecraftbyexample\mbe60_network_messages\TargetEffectMessageToClient.java"

startProcessing "minecraftbyexample\mbe70_configuration\MBEConfiguration.java" md5: e52d2d1610cd3103f8e67dd79c7f43d9
endProcessing "minecraftbyexample\mbe70_configuration\MBEConfiguration.java"

startProcessing "minecraftbyexample\mbe70_configuration\MBEGuiFactory.java" md5: 57c7ae5db9d861ab47b94b0461c8f9ea
endProcessing "minecraftbyexample\mbe70_configuration\MBEGuiFactory.java"

startProcessing "minecraftbyexample\mbe70_configuration\StartupClientOnly.java" md5: ecd9a8774269424ef15bfb7bd306d3c7
endProcessing "minecraftbyexample\mbe70_configuration\StartupClientOnly.java"

startProcessing "minecraftbyexample\mbe70_configuration\StartupCommon.java" md5: 9af6ce04d92fb23ea9bac2b5e3e4b60e
endProcessing "minecraftbyexample\mbe70_configuration\StartupCommon.java"

startProcessing "minecraftbyexample\mbe75_testing_framework\ItemTestRunner.java" md5: 085bbdaf82461f59b93c73bf6bda08bb
endProcessing "minecraftbyexample\mbe75_testing_framework\ItemTestRunner.java"

startProcessing "minecraftbyexample\mbe75_testing_framework\StartupClientOnly.java" md5: 643b60d9e92b24e858cb122dcd0d728c
endProcessing "minecraftbyexample\mbe75_testing_framework\StartupClientOnly.java"

startProcessing "minecraftbyexample\mbe75_testing_framework\StartupCommon.java" md5: a28b72f0fd71de0fa6cdef4cf955d541
endProcessing "minecraftbyexample\mbe75_testing_framework\StartupCommon.java"

startProcessing "minecraftbyexample\mbe75_testing_framework\TestRunner.java" md5: 0f29e31d15c505f0307daa90a6bd8142
endProcessing "minecraftbyexample\mbe75_testing_framework\TestRunner.java"

startProcessing "minecraftbyexample\testingarea\BlockTestNumberedPart.java" md5: 4e3f40423e0d24da70628c33901b673c
endProcessing "minecraftbyexample\testingarea\BlockTestNumberedPart.java"

startProcessing "minecraftbyexample\testingarea\BlockTestTorch.java" md5: dc2e923e7462c3f080ccf9836ba93913
endProcessing "minecraftbyexample\testingarea\BlockTestTorch.java"

startProcessing "minecraftbyexample\testingarea\StartupClientOnly.java" md5: eaade5aad2d55321a6e15ec1d4f89abc
endProcessing "minecraftbyexample\testingarea\StartupClientOnly.java"

startProcessing "minecraftbyexample\testingarea\StartupCommon.java" md5: 01619d6533da5483556dba4dfc3664b8
endProcessing "minecraftbyexample\testingarea\StartupCommon.java"

startProcessing "minecraftbyexample\testingarea\fluid\GFluids.java" md5: f59473d1460b62e0f85ce5bb593c44c0
endProcessing "minecraftbyexample\testingarea\fluid\GFluids.java"

startProcessing "minecraftbyexample\testingarea\fluid\GemFluid.java" md5: 248d0b5b142c0d4393bc72c0e6d827a1
endProcessing "minecraftbyexample\testingarea\fluid\GemFluid.java"

startProcessing "minecraftbyexample\testingarea\fluid\GemFluidBlock.java" md5: 4b0a955c666095ecac26f115eaca10e7
endProcessing "minecraftbyexample\testingarea\fluid\GemFluidBlock.java"

startProcessing "minecraftbyexample\testingarea\fluid\MaterialGemLiquid.java" md5: 92c83c8bae6bf92af5cf7e4692c862e6
endProcessing "minecraftbyexample\testingarea\fluid\MaterialGemLiquid.java"

startProcessing "minecraftbyexample\testingarea\fluid\SwimFog.java" md5: 913417f32ff82de9ec8d5af269aa297c
endProcessing "minecraftbyexample\testingarea\fluid\SwimFog.java"

startProcessing "minecraftbyexample\usefultools\MethodCallLogger.java" md5: 8f71babfca3f77e874907472590bf278
endProcessing "minecraftbyexample\usefultools\MethodCallLogger.java"

startProcessing "minecraftbyexample\usefultools\OpenGLdebugging.java" md5: f904fce9ebf433365f3b80e6aad905d3
endProcessing "minecraftbyexample\usefultools\OpenGLdebugging.java"

startProcessing "minecraftbyexample\usefultools\UsefulFunctions.java" md5: ff27cb507c7c6a5cdc7edc64b6a3b056
endProcessing "minecraftbyexample\usefultools\UsefulFunctions.java"

