[17:19:41] [Client thread/INFO]: Setting user: Player734
[17:19:45] [Client thread/WARN]: Skipping bad option: lastServer:
[17:19:45] [Client thread/INFO]: LWJGL Version: 2.9.2
[17:19:50] [Client thread/INFO]: Reloading ResourceManager: Default, FMLFileResourcePack:Forge Mod Loader, FMLFileResourcePack:Minecraft Forge, FMLFileResourcePack:circuitsmod
[17:19:53] [Sound Library Loader/INFO]: Starting up SoundSystem...
[17:19:53] [Thread-7/INFO]: Initializing LWJGL OpenAL
[17:19:53] [Thread-7/INFO]: (The LWJGL binding of OpenAL.  For more information, see http://www.lwjgl.org)
[17:19:53] [Thread-7/INFO]: OpenAL initialized.
[17:19:53] [Sound Library Loader/INFO]: Sound engine started
[17:19:56] [Client thread/INFO]: Created: 16x16 textures-atlas
[17:19:59] [Client thread/INFO]: Reloading ResourceManager: Default, FMLFileResourcePack:Forge Mod Loader, FMLFileResourcePack:Minecraft Forge, FMLFileResourcePack:circuitsmod
[17:20:01] [Client thread/INFO]: SoundSystem shutting down...
[17:20:01] [Client thread/WARN]: Author: Paul Lamb, www.paulscode.com
[17:20:01] [Sound Library Loader/INFO]: Starting up SoundSystem...
[17:20:01] [Thread-9/INFO]: Initializing LWJGL OpenAL
[17:20:01] [Thread-9/INFO]: (The LWJGL binding of OpenAL.  For more information, see http://www.lwjgl.org)
[17:20:01] [Thread-9/INFO]: OpenAL initialized.
[17:20:01] [Sound Library Loader/INFO]: Sound engine started
[17:20:03] [Client thread/INFO]: Created: 1024x512 textures-atlas
[17:20:04] [Client thread/WARN]: Skipping bad option: lastServer:
[17:20:10] [Realms Notification Availability checker #1/INFO]: Could not authorize you against Realms server: Invalid session id
[17:20:58] [Server thread/INFO]: Starting integrated minecraft server version 1.10.2
[17:20:58] [Server thread/INFO]: Generating keypair
[17:20:59] [Server thread/INFO]: Preparing start region for level 0
[17:21:00] [Server thread/INFO]: Preparing spawn area: 6%
[17:21:01] [Server thread/INFO]: Preparing spawn area: 69%
[17:21:01] [Server thread/INFO]: Changing view distance to 12, from 10
[17:21:02] [Server thread/INFO]: Player734[local:E:e4764b35] logged in with entity id 334 at (-3.8686886400120857, 74.0, 247.48306375288678)
[17:21:02] [Server thread/INFO]: Player734 joined the game
[17:21:04] [Server thread/INFO]: Saving and pausing game...
[17:21:05] [Server thread/INFO]: Saving chunks for level 'New World'/Overworld
[17:21:05] [pool-2-thread-1/WARN]: Couldn't look up profile properties for com.mojang.authlib.GameProfile@17b8a516[id=3f66a67c-db6c-36b7-b762-d7a40c17883b,name=Player734,properties={},legacy=false]
com.mojang.authlib.exceptions.AuthenticationException: The client has sent too many requests within a certain amount of time
	at com.mojang.authlib.yggdrasil.YggdrasilAuthenticationService.makeRequest(YggdrasilAuthenticationService.java:65) ~[YggdrasilAuthenticationService.class:?]
	at com.mojang.authlib.yggdrasil.YggdrasilMinecraftSessionService.fillGameProfile(YggdrasilMinecraftSessionService.java:175) [YggdrasilMinecraftSessionService.class:?]
	at com.mojang.authlib.yggdrasil.YggdrasilMinecraftSessionService$1.load(YggdrasilMinecraftSessionService.java:59) [YggdrasilMinecraftSessionService$1.class:?]
	at com.mojang.authlib.yggdrasil.YggdrasilMinecraftSessionService$1.load(YggdrasilMinecraftSessionService.java:56) [YggdrasilMinecraftSessionService$1.class:?]
	at com.google.common.cache.LocalCache$LoadingValueReference.loadFuture(LocalCache.java:3524) [guava-17.0.jar:?]
	at com.google.common.cache.LocalCache$Segment.loadSync(LocalCache.java:2317) [guava-17.0.jar:?]
	at com.google.common.cache.LocalCache$Segment.lockedGetOrLoad(LocalCache.java:2280) [guava-17.0.jar:?]
	at com.google.common.cache.LocalCache$Segment.get(LocalCache.java:2195) [guava-17.0.jar:?]
	at com.google.common.cache.LocalCache.get(LocalCache.java:3934) [guava-17.0.jar:?]
	at com.google.common.cache.LocalCache.getOrLoad(LocalCache.java:3938) [guava-17.0.jar:?]
	at com.google.common.cache.LocalCache$LocalLoadingCache.get(LocalCache.java:4821) [guava-17.0.jar:?]
	at com.google.common.cache.LocalCache$LocalLoadingCache.getUnchecked(LocalCache.java:4827) [guava-17.0.jar:?]
	at com.mojang.authlib.yggdrasil.YggdrasilMinecraftSessionService.fillProfileProperties(YggdrasilMinecraftSessionService.java:165) [YggdrasilMinecraftSessionService.class:?]
	at net.minecraft.client.Minecraft.getProfileProperties(Minecraft.java:3060) [Minecraft.class:?]
	at net.minecraft.client.resources.SkinManager$3.run(SkinManager.java:131) [SkinManager$3.class:?]
	at java.util.concurrent.Executors$RunnableAdapter.call(Executors.java:511) [?:1.8.0_05]
	at java.util.concurrent.FutureTask.run(FutureTask.java:266) [?:1.8.0_05]
	at java.util.concurrent.ThreadPoolExecutor.runWorker(ThreadPoolExecutor.java:1142) [?:1.8.0_05]
	at java.util.concurrent.ThreadPoolExecutor$Worker.run(ThreadPoolExecutor.java:617) [?:1.8.0_05]
	at java.lang.Thread.run(Thread.java:745) [?:1.8.0_05]
[17:21:06] [Server thread/INFO]: Saving chunks for level 'New World'/Nether
[17:21:06] [Server thread/INFO]: Saving chunks for level 'New World'/The End
[17:21:06] [Server thread/WARN]: Can't keep up! Did the system time change, or is the server overloaded? Running 3533ms behind, skipping 70 tick(s)
[17:21:08] [Server thread/INFO]: Player734 has just earned the achievement [Taking Inventory]
[17:21:08] [Client thread/INFO]: [CHAT] Player734 has just earned the achievement [Taking Inventory]
[17:21:46] [Server thread/INFO]: Saving and pausing game...
[17:21:46] [Server thread/INFO]: Saving chunks for level 'New World'/Overworld
[17:21:47] [Server thread/INFO]: Saving chunks for level 'New World'/Nether
[17:21:47] [Server thread/INFO]: Saving chunks for level 'New World'/The End
[17:21:48] [Client thread/INFO]: Stopping!
[17:21:48] [Client thread/INFO]: SoundSystem shutting down...
[17:21:48] [Server thread/INFO]: Stopping server
[17:21:48] [Server thread/INFO]: Saving players
[17:21:48] [Server thread/INFO]: Saving worlds
[17:21:48] [Server thread/INFO]: Saving chunks for level 'New World'/Overworld
[17:21:48] [Server thread/INFO]: Saving chunks for level 'New World'/Nether
[17:21:48] [Server thread/INFO]: Saving chunks for level 'New World'/The End
[17:21:48] [Client thread/WARN]: Author: Paul Lamb, www.paulscode.com
[17:21:48] [Client Shutdown Thread/INFO]: Stopping server
[17:21:48] [Client Shutdown Thread/INFO]: Saving players
[17:21:48] [Client Shutdown Thread/INFO]: Saving worlds
[17:21:48] [Client Shutdown Thread/INFO]: Saving chunks for level 'New World'/Overworld
