[17:43:12] [Client thread/INFO]: Setting user: Player83
[17:43:18] [Client thread/WARN]: Skipping bad option: lastServer:
[17:43:18] [Client thread/INFO]: LWJGL Version: 2.9.4
[17:43:24] [Client thread/INFO]: Reloading ResourceManager: Default, FMLFileResourcePack:Forge Mod Loader, FMLFileResourcePack:Minecraft Forge, FMLFileResourcePack:circuitsmod
[17:43:28] [Sound Library Loader/INFO]: Starting up SoundSystem...
[17:43:29] [Thread-8/INFO]: Initializing LWJGL OpenAL
[17:43:29] [Thread-8/INFO]: (The LWJGL binding of OpenAL.  For more information, see http://www.lwjgl.org)
[17:43:29] [Thread-8/INFO]: OpenAL initialized.
[17:43:29] [Sound Library Loader/INFO]: Sound engine started
[17:43:33] [Client thread/INFO]: Created: 16x16 textures-atlas
[17:43:34] [Client thread/WARN]: Unable to resolve texture due to upward reference: #sidetex in circuitsmod:models/block/busblock
[17:43:34] [Client thread/WARN]: Unable to resolve texture due to upward reference: #sidetex in circuitsmod:models/block/busblock
[17:43:34] [Client thread/WARN]: Unable to resolve texture due to upward reference: #sidetex in circuitsmod:models/block/busblock
[17:43:34] [Client thread/WARN]: Unable to resolve texture due to upward reference: #sidetex in circuitsmod:models/block/busblock
[17:43:34] [Client thread/WARN]: Unable to resolve texture due to upward reference: #endtex in circuitsmod:models/block/busblock
[17:43:34] [Client thread/WARN]: Unable to resolve texture due to upward reference: #endtex in circuitsmod:models/block/busblock
[17:43:37] [Client thread/INFO]: Reloading ResourceManager: Default, FMLFileResourcePack:Forge Mod Loader, FMLFileResourcePack:Minecraft Forge, FMLFileResourcePack:circuitsmod
[17:43:40] [Client thread/INFO]: SoundSystem shutting down...
[17:43:41] [Client thread/WARN]: Author: Paul Lamb, www.paulscode.com
[17:43:41] [Sound Library Loader/INFO]: Starting up SoundSystem...
[17:43:41] [Thread-10/INFO]: Initializing LWJGL OpenAL
[17:43:41] [Thread-10/INFO]: (The LWJGL binding of OpenAL.  For more information, see http://www.lwjgl.org)
[17:43:41] [Thread-10/INFO]: OpenAL initialized.
[17:43:41] [Sound Library Loader/INFO]: Sound engine started
[17:43:45] [Client thread/INFO]: Created: 1024x512 textures-atlas
[17:43:45] [Client thread/WARN]: Unable to resolve texture due to upward reference: #sidetex in circuitsmod:models/block/busblock
[17:43:45] [Client thread/WARN]: Unable to resolve texture due to upward reference: #sidetex in circuitsmod:models/block/busblock
[17:43:45] [Client thread/WARN]: Unable to resolve texture due to upward reference: #sidetex in circuitsmod:models/block/busblock
[17:43:45] [Client thread/WARN]: Unable to resolve texture due to upward reference: #sidetex in circuitsmod:models/block/busblock
[17:43:45] [Client thread/WARN]: Unable to resolve texture due to upward reference: #endtex in circuitsmod:models/block/busblock
[17:43:45] [Client thread/WARN]: Unable to resolve texture due to upward reference: #endtex in circuitsmod:models/block/busblock
[17:43:47] [Client thread/WARN]: Skipping bad option: lastServer:
[17:43:49] [Realms Notification Availability checker #1/INFO]: Could not authorize you against Realms server: Invalid session id
